# JRE version: Java(TM) SE Runtime Environment (8.0_201-b09) (build 1.8.0_201-b09)
# Java VM: Java HotSpot(TM) 64-Bit Server VM (25.201-b09 mixed mode windows-amd64 compressed oops)
Heap:
 def new generation   total 8640K, used 2108K [0x00000000e4800000, 0x00000000e5160000, 0x00000000edaa0000)
  eden space 7680K,  14% used [0x00000000e4800000, 0x00000000e491f2e0, 0x00000000e4f80000)
  from space 960K,  99% used [0x00000000e5070000, 0x00000000e515fff8, 0x00000000e5160000)
  to   space 960K,   0% used [0x00000000e4f80000, 0x00000000e4f80000, 0x00000000e5070000)
 tenured generation   total 19136K, used 18669K [0x00000000edaa0000, 0x00000000eed50000, 0x0000000100000000)
   the space 19136K,  97% used [0x00000000edaa0000, 0x00000000eecdb430, 0x00000000eecdb600, 0x00000000eed50000)
 Metaspace       used 29596K, capacity 31302K, committed 31488K, reserved 1077248K
  class space    used 3988K, capacity 4321K, committed 4352K, reserved 1048576K
GC Heap History (10 events):
Event: 79.597 GC heap before
{Heap before GC invocations=9 (full 1):
 def new generation   total 8640K, used 8465K [0x00000000e4800000, 0x00000000e5160000, 0x00000000edaa0000)
  eden space 7680K, 100% used [0x00000000e4800000, 0x00000000e4f80000, 0x00000000e4f80000)
  from space 960K,  81% used [0x00000000e4f80000, 0x00000000e50447f0, 0x00000000e5070000)
  to   space 960K,   0% used [0x00000000e5070000, 0x00000000e5070000, 0x00000000e5160000)
 tenured generation   total 19136K, used 11829K [0x00000000edaa0000, 0x00000000eed50000, 0x0000000100000000)
   the space 19136K,  61% used [0x00000000edaa0000, 0x00000000ee62d7a0, 0x00000000ee62d800, 0x00000000eed50000)
 Metaspace       used 23905K, capacity 25306K, committed 25600K, reserved 1071104K
  class space    used 3429K, capacity 3719K, committed 3840K, reserved 1048576K
Event: 79.621 GC heap after
Heap after GC invocations=10 (full 1):
 def new generation   total 8640K, used 960K [0x00000000e4800000, 0x00000000e5160000, 0x00000000edaa0000)
  eden space 7680K,   0% used [0x00000000e4800000, 0x00000000e4800000, 0x00000000e4f80000)
  from space 960K, 100% used [0x00000000e5070000, 0x00000000e5160000, 0x00000000e5160000)
  to   space 960K,   0% used [0x00000000e4f80000, 0x00000000e4f80000, 0x00000000e5070000)
 tenured generation   total 19136K, used 12866K [0x00000000edaa0000, 0x00000000eed50000, 0x0000000100000000)
   the space 19136K,  67% used [0x00000000edaa0000, 0x00000000ee7309e0, 0x00000000ee730a00, 0x00000000eed50000)
 Metaspace       used 23905K, capacity 25306K, committed 25600K, reserved 1071104K
  class space    used 3429K, capacity 3719K, committed 3840K, reserved 1048576K
}
Event: 85.424 GC heap before
{Heap before GC invocations=10 (full 1):
 def new generation   total 8640K, used 8640K [0x00000000e4800000, 0x00000000e5160000, 0x00000000edaa0000)
  eden space 7680K, 100% used [0x00000000e4800000, 0x00000000e4f80000, 0x00000000e4f80000)
  from space 960K, 100% used [0x00000000e5070000, 0x00000000e5160000, 0x00000000e5160000)
  to   space 960K,   0% used [0x00000000e4f80000, 0x00000000e4f80000, 0x00000000e5070000)
 tenured generation   total 19136K, used 12866K [0x00000000edaa0000, 0x00000000eed50000, 0x0000000100000000)
   the space 19136K,  67% used [0x00000000edaa0000, 0x00000000ee7309e0, 0x00000000ee730a00, 0x00000000eed50000)
 Metaspace       used 24880K, capacity 26456K, committed 26752K, reserved 1073152K
  class space    used 3529K, capacity 3842K, committed 3968K, reserved 1048576K
Event: 85.453 GC heap after
Heap after GC invocations=11 (full 1):
 def new generation   total 8640K, used 960K [0x00000000e4800000, 0x00000000e5160000, 0x00000000edaa0000)
  eden space 7680K,   0% used [0x00000000e4800000, 0x00000000e4800000, 0x00000000e4f80000)
  from space 960K, 100% used [0x00000000e4f80000, 0x00000000e5070000, 0x00000000e5070000)
  to   space 960K,   0% used [0x00000000e5070000, 0x00000000e5070000, 0x00000000e5160000)
 tenured generation   total 19136K, used 14229K [0x00000000edaa0000, 0x00000000eed50000, 0x0000000100000000)
   the space 19136K,  74% used [0x00000000edaa0000, 0x00000000ee8857f0, 0x00000000ee885800, 0x00000000eed50000)
 Metaspace       used 24880K, capacity 26456K, committed 26752K, reserved 1073152K
  class space    used 3529K, capacity 3842K, committed 3968K, reserved 1048576K
}
Event: 94.721 GC heap before
{Heap before GC invocations=11 (full 1):
 def new generation   total 8640K, used 8640K [0x00000000e4800000, 0x00000000e5160000, 0x00000000edaa0000)
  eden space 7680K, 100% used [0x00000000e4800000, 0x00000000e4f80000, 0x00000000e4f80000)
  from space 960K, 100% used [0x00000000e4f80000, 0x00000000e5070000, 0x00000000e5070000)
  to   space 960K,   0% used [0x00000000e5070000, 0x00000000e5070000, 0x00000000e5160000)
 tenured generation   total 19136K, used 14229K [0x00000000edaa0000, 0x00000000eed50000, 0x0000000100000000)
   the space 19136K,  74% used [0x00000000edaa0000, 0x00000000ee8857f0, 0x00000000ee885800, 0x00000000eed50000)
 Metaspace       used 26006K, capacity 27688K, committed 27904K, reserved 1073152K
  class space    used 3644K, capacity 3994K, committed 4096K, reserved 1048576K
Event: 94.746 GC heap after
Heap after GC invocations=12 (full 1):
 def new generation   total 8640K, used 960K [0x00000000e4800000, 0x00000000e5160000, 0x00000000edaa0000)
  eden space 7680K,   0% used [0x00000000e4800000, 0x00000000e4800000, 0x00000000e4f80000)
  from space 960K, 100% used [0x00000000e5070000, 0x00000000e5160000, 0x00000000e5160000)
  to   space 960K,   0% used [0x00000000e4f80000, 0x00000000e4f80000, 0x00000000e5070000)
 tenured generation   total 19136K, used 15388K [0x00000000edaa0000, 0x00000000eed50000, 0x0000000100000000)
   the space 19136K,  80% used [0x00000000edaa0000, 0x00000000ee9a7308, 0x00000000ee9a7400, 0x00000000eed50000)
 Metaspace       used 26006K, capacity 27688K, committed 27904K, reserved 1073152K
  class space    used 3644K, capacity 3994K, committed 4096K, reserved 1048576K
}
Event: 95.632 GC heap before
{Heap before GC invocations=12 (full 1):
 def new generation   total 8640K, used 8640K [0x00000000e4800000, 0x00000000e5160000, 0x00000000edaa0000)
  eden space 7680K, 100% used [0x00000000e4800000, 0x00000000e4f80000, 0x00000000e4f80000)
  from space 960K, 100% used [0x00000000e5070000, 0x00000000e5160000, 0x00000000e5160000)
  to   space 960K,   0% used [0x00000000e4f80000, 0x00000000e4f80000, 0x00000000e5070000)
 tenured generation   total 19136K, used 15388K [0x00000000edaa0000, 0x00000000eed50000, 0x0000000100000000)
   the space 19136K,  80% used [0x00000000edaa0000, 0x00000000ee9a7308, 0x00000000ee9a7400, 0x00000000eed50000)
 Metaspace       used 27831K, capacity 29518K, committed 29824K, reserved 1075200K
  class space    used 3822K, capacity 4155K, committed 4224K, reserved 1048576K
Event: 95.666 GC heap after
Heap after GC invocations=13 (full 1):
 def new generation   total 8640K, used 960K [0x00000000e4800000, 0x00000000e5160000, 0x00000000edaa0000)
  eden space 7680K,   0% used [0x00000000e4800000, 0x00000000e4800000, 0x00000000e4f80000)
  from space 960K, 100% used [0x00000000e4f80000, 0x00000000e5070000, 0x00000000e5070000)
  to   space 960K,   0% used [0x00000000e5070000, 0x00000000e5070000, 0x00000000e5160000)
 tenured generation   total 19136K, used 17347K [0x00000000edaa0000, 0x00000000eed50000, 0x0000000100000000)
   the space 19136K,  90% used [0x00000000edaa0000, 0x00000000eeb90cd8, 0x00000000eeb90e00, 0x00000000eed50000)
 Metaspace       used 27831K, capacity 29518K, committed 29824K, reserved 1075200K
  class space    used 3822K, capacity 4155K, committed 4224K, reserved 1048576K
}
Event: 96.166 GC heap before
{Heap before GC invocations=13 (full 1):
 def new generation   total 8640K, used 8640K [0x00000000e4800000, 0x00000000e5160000, 0x00000000edaa0000)
  eden space 7680K, 100% used [0x00000000e4800000, 0x00000000e4f80000, 0x00000000e4f80000)
  from space 960K, 100% used [0x00000000e4f80000, 0x00000000e5070000, 0x00000000e5070000)
  to   space 960K,   0% used [0x00000000e5070000, 0x00000000e5070000, 0x00000000e5160000)
 tenured generation   total 19136K, used 17347K [0x00000000edaa0000, 0x00000000eed50000, 0x0000000100000000)
   the space 19136K,  90% used [0x00000000edaa0000, 0x00000000eeb90cd8, 0x00000000eeb90e00, 0x00000000eed50000)
 Metaspace       used 28321K, capacity 29998K, committed 30080K, reserved 1075200K
  class space    used 3860K, capacity 4187K, committed 4224K, reserved 1048576K
Event: 96.189 GC heap after
Heap after GC invocations=14 (full 1):
 def new generation   total 8640K, used 959K [0x00000000e4800000, 0x00000000e5160000, 0x00000000edaa0000)
  eden space 7680K,   0% used [0x00000000e4800000, 0x00000000e4800000, 0x00000000e4f80000)
  from space 960K,  99% used [0x00000000e5070000, 0x00000000e515fff8, 0x00000000e5160000)
  to   space 960K,   0% used [0x00000000e4f80000, 0x00000000e4f80000, 0x00000000e5070000)
 tenured generation   total 19136K, used 18669K [0x00000000edaa0000, 0x00000000eed50000, 0x0000000100000000)
   the space 19136K,  97% used [0x00000000edaa0000, 0x00000000eecdb430, 0x00000000eecdb600, 0x00000000eed50000)
 Metaspace       used 28321K, capacity 29998K, committed 30080K, reserved 1075200K
  class space    used 3860K, capacity 4187K, committed 4224K, reserved 1048576K
}

